
[2026-04-16T20:20:52.335126] Starting signaling server.

[2026-04-16T20:25:03.174698] Starting signaling server.

[2026-04-16T20:32:13.105956] Starting signaling server.

[2026-04-16T20:34:21.693005] Starting signaling server.

[2026-04-16T20:35:01.439661] Starting signaling server.
signaling server running on ws://0.0.0.0:8765

[2026-04-16T20:36:34.056083] Starting signaling server.
signaling server running on ws://0.0.0.0:8765

[2026-04-16T20:38:08.111437] Starting signaling server.
signaling server running on ws://0.0.0.0:8765
connection handler failed
Traceback (most recent call last):
  File "C:\Users\lawbo\AppData\Local\Programs\Python\Python313\Lib\asyncio\windows_events.py", line 463, in finish_socket_func
    return ov.getresult()
           ~~~~~~~~~~~~^^
OSError: [WinError 64] The specified network name is no longer available

During handling of the above exception, another exception occurred:

Traceback (most recent call last):
  File "C:\Users\lawbo\AppData\Local\Programs\Python\Python313\Lib\asyncio\proactor_events.py", line 286, in _loop_reading
    length = fut.result()
  File "C:\Users\lawbo\AppData\Local\Programs\Python\Python313\Lib\asyncio\windows_events.py", line 804, in _poll
    value = callback(transferred, key, ov)
  File "C:\Users\lawbo\AppData\Local\Programs\Python\Python313\Lib\asyncio\windows_events.py", line 467, in finish_socket_func
    raise ConnectionResetError(*exc.args)
ConnectionResetError: [WinError 64] The specified network name is no longer available

The above exception was the direct cause of the following exception:

Traceback (most recent call last):
  File "C:\Users\lawbo\AppData\Local\Programs\Python\Python313\Lib\site-packages\websockets\asyncio\server.py", line 376, in conn_handler
    await self.handler(connection)
  File "C:\Users\lawbo\Documents\GitHub\Main-Menu\PyMessenger\signaling_service\server.py", line 86, in handler
    async for raw in websocket:
    ...<33 lines>...
        await route_message(user_id, body)
  File "C:\Users\lawbo\AppData\Local\Programs\Python\Python313\Lib\site-packages\websockets\asyncio\connection.py", line 244, in __aiter__
    yield await self.recv()
          ^^^^^^^^^^^^^^^^^
  File "C:\Users\lawbo\AppData\Local\Programs\Python\Python313\Lib\site-packages\websockets\asyncio\connection.py", line 324, in recv
    raise self.protocol.close_exc from self.recv_exc
websockets.exceptions.ConnectionClosedError: no close frame received or sent

[2026-04-16T20:45:45.579181] Starting signaling server.
signaling server running on ws://0.0.0.0:8765

[2026-04-16T20:45:55.284961] Starting signaling server.
